ERROR 2025-12-06 13:27:21,107 consumer 493 consumer: Cannot connect to redis://:**@127.0.0.1:6379/4: Connection closed by server..
Trying again in 2.00 seconds... (1/100)

ERROR 2025-12-06 13:27:53,140 consumer 493 consumer: Cannot connect to redis://:**@127.0.0.1:6379/4: Connection closed by server..
Trying again in 4.00 seconds... (2/100)

ERROR 2025-12-06 13:28:27,175 consumer 493 consumer: Cannot connect to redis://:**@127.0.0.1:6379/4: Connection closed by server..
Trying again in 6.00 seconds... (3/100)

ERROR 2025-12-06 13:29:03,241 consumer 493 consumer: Cannot connect to redis://:**@127.0.0.1:6379/4: Connection closed by server..
Trying again in 8.00 seconds... (4/100)

ERROR 2025-12-06 13:29:41,338 consumer 493 consumer: Cannot connect to redis://:**@127.0.0.1:6379/4: Connection closed by server..
Trying again in 10.00 seconds... (5/100)

ERROR 2025-12-06 13:30:21,455 consumer 493 consumer: Cannot connect to redis://:**@127.0.0.1:6379/4: Connection closed by server..
Trying again in 12.00 seconds... (6/100)

ERROR 2025-12-06 13:31:03,569 consumer 493 consumer: Cannot connect to redis://:**@127.0.0.1:6379/4: Connection closed by server..
Trying again in 14.00 seconds... (7/100)

ERROR 2025-12-06 13:31:47,722 consumer 493 consumer: Cannot connect to redis://:**@127.0.0.1:6379/4: Connection closed by server..
Trying again in 16.00 seconds... (8/100)

ERROR 2025-12-06 13:32:33,889 consumer 493 consumer: Cannot connect to redis://:**@127.0.0.1:6379/4: Connection closed by server..
Trying again in 18.00 seconds... (9/100)

ERROR 2025-12-06 13:33:22,016 consumer 493 consumer: Cannot connect to redis://:**@127.0.0.1:6379/4: Connection closed by server..
Trying again in 20.00 seconds... (10/100)

ERROR 2025-12-06 13:34:12,185 consumer 493 consumer: Cannot connect to redis://:**@127.0.0.1:6379/4: Connection closed by server..
Trying again in 22.00 seconds... (11/100)

ERROR 2025-12-06 13:35:04,329 consumer 493 consumer: Cannot connect to redis://:**@127.0.0.1:6379/4: Connection closed by server..
Trying again in 24.00 seconds... (12/100)

ERROR 2025-12-06 13:35:58,585 consumer 493 consumer: Cannot connect to redis://:**@127.0.0.1:6379/4: Connection closed by server..
Trying again in 26.00 seconds... (13/100)

ERROR 2025-12-06 13:36:54,819 consumer 493 consumer: Cannot connect to redis://:**@127.0.0.1:6379/4: Connection closed by server..
Trying again in 28.00 seconds... (14/100)

ERROR 2025-12-06 13:37:52,974 consumer 493 consumer: Cannot connect to redis://:**@127.0.0.1:6379/4: Connection closed by server..
Trying again in 30.00 seconds... (15/100)

ERROR 2025-12-06 13:38:53,174 consumer 493 consumer: Cannot connect to redis://:**@127.0.0.1:6379/4: Connection closed by server..
Trying again in 32.00 seconds... (16/100)

ERROR 2025-12-06 13:39:55,370 consumer 493 consumer: Cannot connect to redis://:**@127.0.0.1:6379/4: Connection closed by server..
Trying again in 32.00 seconds... (16/100)

ERROR 2025-12-06 13:40:57,652 consumer 493 consumer: Cannot connect to redis://:**@127.0.0.1:6379/4: Connection closed by server..
Trying again in 32.00 seconds... (16/100)

ERROR 2025-12-06 13:41:59,985 consumer 493 consumer: Cannot connect to redis://:**@127.0.0.1:6379/4: Connection closed by server..
Trying again in 32.00 seconds... (16/100)

ERROR 2025-12-06 13:43:02,325 consumer 493 consumer: Cannot connect to redis://:**@127.0.0.1:6379/4: Connection closed by server..
Trying again in 32.00 seconds... (16/100)

ERROR 2025-12-06 13:44:05,015 consumer 493 consumer: Cannot connect to redis://:**@127.0.0.1:6379/4: Connection closed by server..
Trying again in 32.00 seconds... (16/100)

ERROR 2025-12-06 13:53:21,350 consumer 493 consumer: Cannot connect to redis://:**@127.0.0.1:6379/4: Connection closed by server..
Trying again in 2.00 seconds... (1/100)

ERROR 2025-12-06 13:53:53,378 consumer 493 consumer: Cannot connect to redis://:**@127.0.0.1:6379/4: Connection closed by server..
Trying again in 4.00 seconds... (2/100)

ERROR 2025-12-06 13:54:27,426 consumer 493 consumer: Cannot connect to redis://:**@127.0.0.1:6379/4: Connection closed by server..
Trying again in 6.00 seconds... (3/100)

ERROR 2025-12-06 13:55:03,474 consumer 493 consumer: Cannot connect to redis://:**@127.0.0.1:6379/4: Connection closed by server..
Trying again in 8.00 seconds... (4/100)

ERROR 2025-12-06 13:55:41,593 consumer 493 consumer: Cannot connect to redis://:**@127.0.0.1:6379/4: Connection closed by server..
Trying again in 10.00 seconds... (5/100)

ERROR 2025-12-06 13:56:21,694 consumer 493 consumer: Cannot connect to redis://:**@127.0.0.1:6379/4: Connection closed by server..
Trying again in 12.00 seconds... (6/100)

ERROR 2025-12-06 13:57:03,775 consumer 493 consumer: Cannot connect to redis://:**@127.0.0.1:6379/4: Connection closed by server..
Trying again in 14.00 seconds... (7/100)

ERROR 2025-12-06 13:57:47,880 consumer 493 consumer: Cannot connect to redis://:**@127.0.0.1:6379/4: Connection closed by server..
Trying again in 16.00 seconds... (8/100)

ERROR 2025-12-06 13:58:34,001 consumer 493 consumer: Cannot connect to redis://:**@127.0.0.1:6379/4: Connection closed by server..
Trying again in 18.00 seconds... (9/100)

ERROR 2025-12-06 13:59:22,161 consumer 493 consumer: Cannot connect to redis://:**@127.0.0.1:6379/4: Connection closed by server..
Trying again in 20.00 seconds... (10/100)

ERROR 2025-12-06 14:00:12,304 consumer 493 consumer: Cannot connect to redis://:**@127.0.0.1:6379/4: Connection closed by server..
Trying again in 22.00 seconds... (11/100)

ERROR 2025-12-06 14:01:04,461 consumer 493 consumer: Cannot connect to redis://:**@127.0.0.1:6379/4: Connection closed by server..
Trying again in 24.00 seconds... (12/100)

ERROR 2025-12-06 14:01:58,638 consumer 493 consumer: Cannot connect to redis://:**@127.0.0.1:6379/4: Connection closed by server..
Trying again in 26.00 seconds... (13/100)

ERROR 2025-12-06 14:02:54,883 consumer 493 consumer: Cannot connect to redis://:**@127.0.0.1:6379/4: Connection closed by server..
Trying again in 28.00 seconds... (14/100)

ERROR 2025-12-06 14:03:53,135 consumer 493 consumer: Cannot connect to redis://:**@127.0.0.1:6379/4: Connection closed by server..
Trying again in 30.00 seconds... (15/100)

ERROR 2025-12-06 14:04:53,358 consumer 493 consumer: Cannot connect to redis://:**@127.0.0.1:6379/4: Connection closed by server..
Trying again in 32.00 seconds... (16/100)

ERROR 2025-12-06 14:05:55,643 consumer 493 consumer: Cannot connect to redis://:**@127.0.0.1:6379/4: Connection closed by server..
Trying again in 32.00 seconds... (16/100)

ERROR 2025-12-06 14:06:57,918 consumer 493 consumer: Cannot connect to redis://:**@127.0.0.1:6379/4: Connection closed by server..
Trying again in 32.00 seconds... (16/100)

ERROR 2025-12-06 14:08:00,185 consumer 493 consumer: Cannot connect to redis://:**@127.0.0.1:6379/4: Connection closed by server..
Trying again in 32.00 seconds... (16/100)

ERROR 2025-12-06 14:09:02,458 consumer 493 consumer: Cannot connect to redis://:**@127.0.0.1:6379/4: Connection closed by server..
Trying again in 32.00 seconds... (16/100)

ERROR 2025-12-06 14:10:04,707 consumer 493 consumer: Cannot connect to redis://:**@127.0.0.1:6379/4: Connection closed by server..
Trying again in 32.00 seconds... (16/100)

ERROR 2025-12-06 14:11:07,005 consumer 493 consumer: Cannot connect to redis://:**@127.0.0.1:6379/4: Connection closed by server..
Trying again in 32.00 seconds... (16/100)

ERROR 2025-12-06 14:12:09,220 consumer 493 consumer: Cannot connect to redis://:**@127.0.0.1:6379/4: Connection closed by server..
Trying again in 32.00 seconds... (16/100)

ERROR 2025-12-06 14:13:11,449 consumer 493 consumer: Cannot connect to redis://:**@127.0.0.1:6379/4: Connection closed by server..
Trying again in 32.00 seconds... (16/100)

ERROR 2025-12-06 14:14:13,691 consumer 493 consumer: Cannot connect to redis://:**@127.0.0.1:6379/4: Connection closed by server..
Trying again in 32.00 seconds... (16/100)

ERROR 2025-12-06 14:15:15,949 consumer 493 consumer: Cannot connect to redis://:**@127.0.0.1:6379/4: Connection closed by server..
Trying again in 32.00 seconds... (16/100)

ERROR 2025-12-06 14:16:18,161 consumer 493 consumer: Cannot connect to redis://:**@127.0.0.1:6379/4: Connection closed by server..
Trying again in 32.00 seconds... (16/100)

ERROR 2025-12-06 14:17:20,430 consumer 493 consumer: Cannot connect to redis://:**@127.0.0.1:6379/4: Connection closed by server..
Trying again in 32.00 seconds... (16/100)

ERROR 2025-12-06 14:18:22,681 consumer 493 consumer: Cannot connect to redis://:**@127.0.0.1:6379/4: Connection closed by server..
Trying again in 32.00 seconds... (16/100)

ERROR 2025-12-06 14:19:24,939 consumer 493 consumer: Cannot connect to redis://:**@127.0.0.1:6379/4: Connection closed by server..
Trying again in 32.00 seconds... (16/100)

ERROR 2025-12-06 14:20:27,189 consumer 493 consumer: Cannot connect to redis://:**@127.0.0.1:6379/4: Connection closed by server..
Trying again in 32.00 seconds... (16/100)

ERROR 2025-12-06 14:21:29,405 consumer 493 consumer: Cannot connect to redis://:**@127.0.0.1:6379/4: Connection closed by server..
Trying again in 32.00 seconds... (16/100)

ERROR 2025-12-06 14:22:31,637 consumer 493 consumer: Cannot connect to redis://:**@127.0.0.1:6379/4: Connection closed by server..
Trying again in 32.00 seconds... (16/100)

ERROR 2025-12-06 14:23:33,874 consumer 493 consumer: Cannot connect to redis://:**@127.0.0.1:6379/4: Connection closed by server..
Trying again in 32.00 seconds... (16/100)

ERROR 2025-12-06 14:24:36,186 consumer 493 consumer: Cannot connect to redis://:**@127.0.0.1:6379/4: Connection closed by server..
Trying again in 32.00 seconds... (16/100)

ERROR 2025-12-06 14:25:38,429 consumer 493 consumer: Cannot connect to redis://:**@127.0.0.1:6379/4: Connection closed by server..
Trying again in 32.00 seconds... (16/100)

ERROR 2025-12-06 14:26:40,629 consumer 493 consumer: Cannot connect to redis://:**@127.0.0.1:6379/4: Connection closed by server..
Trying again in 32.00 seconds... (16/100)

ERROR 2025-12-06 14:27:42,836 consumer 493 consumer: Cannot connect to redis://:**@127.0.0.1:6379/4: Connection closed by server..
Trying again in 32.00 seconds... (16/100)

ERROR 2025-12-06 14:28:45,051 consumer 493 consumer: Cannot connect to redis://:**@127.0.0.1:6379/4: Connection closed by server..
Trying again in 32.00 seconds... (16/100)

ERROR 2025-12-06 14:29:47,277 consumer 493 consumer: Cannot connect to redis://:**@127.0.0.1:6379/4: Connection closed by server..
Trying again in 32.00 seconds... (16/100)

ERROR 2025-12-06 14:30:49,487 consumer 493 consumer: Cannot connect to redis://:**@127.0.0.1:6379/4: Connection closed by server..
Trying again in 32.00 seconds... (16/100)

ERROR 2025-12-06 14:31:51,769 consumer 493 consumer: Cannot connect to redis://:**@127.0.0.1:6379/4: Connection closed by server..
Trying again in 32.00 seconds... (16/100)

ERROR 2025-12-06 14:32:54,008 consumer 493 consumer: Cannot connect to redis://:**@127.0.0.1:6379/4: Connection closed by server..
Trying again in 32.00 seconds... (16/100)

ERROR 2025-12-06 14:33:56,255 consumer 493 consumer: Cannot connect to redis://:**@127.0.0.1:6379/4: Connection closed by server..
Trying again in 32.00 seconds... (16/100)

ERROR 2025-12-06 14:34:58,512 consumer 493 consumer: Cannot connect to redis://:**@127.0.0.1:6379/4: Connection closed by server..
Trying again in 32.00 seconds... (16/100)

ERROR 2025-12-06 14:36:00,763 consumer 493 consumer: Cannot connect to redis://:**@127.0.0.1:6379/4: Connection closed by server..
Trying again in 32.00 seconds... (16/100)

ERROR 2025-12-06 14:37:03,010 consumer 493 consumer: Cannot connect to redis://:**@127.0.0.1:6379/4: Connection closed by server..
Trying again in 32.00 seconds... (16/100)

ERROR 2025-12-06 14:38:05,259 consumer 493 consumer: Cannot connect to redis://:**@127.0.0.1:6379/4: Connection closed by server..
Trying again in 32.00 seconds... (16/100)

ERROR 2025-12-06 14:39:07,466 consumer 493 consumer: Cannot connect to redis://:**@127.0.0.1:6379/4: Connection closed by server..
Trying again in 32.00 seconds... (16/100)

ERROR 2025-12-06 14:40:09,720 consumer 493 consumer: Cannot connect to redis://:**@127.0.0.1:6379/4: Connection closed by server..
Trying again in 32.00 seconds... (16/100)

ERROR 2025-12-06 14:41:11,988 consumer 493 consumer: Cannot connect to redis://:**@127.0.0.1:6379/4: Connection closed by server..
Trying again in 32.00 seconds... (16/100)

ERROR 2025-12-06 14:42:14,250 consumer 493 consumer: Cannot connect to redis://:**@127.0.0.1:6379/4: Connection closed by server..
Trying again in 32.00 seconds... (16/100)

ERROR 2025-12-06 14:43:16,544 consumer 493 consumer: Cannot connect to redis://:**@127.0.0.1:6379/4: Connection closed by server..
Trying again in 32.00 seconds... (16/100)

ERROR 2025-12-06 14:44:18,889 consumer 493 consumer: Cannot connect to redis://:**@127.0.0.1:6379/4: Connection closed by server..
Trying again in 32.00 seconds... (16/100)

ERROR 2025-12-06 14:45:21,126 consumer 493 consumer: Cannot connect to redis://:**@127.0.0.1:6379/4: Connection closed by server..
Trying again in 32.00 seconds... (16/100)

ERROR 2025-12-06 14:46:23,399 consumer 493 consumer: Cannot connect to redis://:**@127.0.0.1:6379/4: Connection closed by server..
Trying again in 32.00 seconds... (16/100)

ERROR 2025-12-06 14:47:25,666 consumer 493 consumer: Cannot connect to redis://:**@127.0.0.1:6379/4: Connection closed by server..
Trying again in 32.00 seconds... (16/100)

ERROR 2025-12-06 14:48:27,921 consumer 493 consumer: Cannot connect to redis://:**@127.0.0.1:6379/4: Connection closed by server..
Trying again in 32.00 seconds... (16/100)

ERROR 2025-12-06 14:49:30,269 consumer 493 consumer: Cannot connect to redis://:**@127.0.0.1:6379/4: Connection closed by server..
Trying again in 32.00 seconds... (16/100)

ERROR 2025-12-06 14:50:32,603 consumer 493 consumer: Cannot connect to redis://:**@127.0.0.1:6379/4: Connection closed by server..
Trying again in 32.00 seconds... (16/100)

ERROR 2025-12-06 14:51:34,963 consumer 493 consumer: Cannot connect to redis://:**@127.0.0.1:6379/4: Connection closed by server..
Trying again in 32.00 seconds... (16/100)

ERROR 2025-12-06 14:52:37,306 consumer 493 consumer: Cannot connect to redis://:**@127.0.0.1:6379/4: Connection closed by server..
Trying again in 32.00 seconds... (16/100)

ERROR 2025-12-06 14:53:39,659 consumer 493 consumer: Cannot connect to redis://:**@127.0.0.1:6379/4: Connection closed by server..
Trying again in 32.00 seconds... (16/100)

ERROR 2025-12-06 14:54:42,007 consumer 493 consumer: Cannot connect to redis://:**@127.0.0.1:6379/4: Connection closed by server..
Trying again in 32.00 seconds... (16/100)

ERROR 2025-12-06 14:55:44,365 consumer 493 consumer: Cannot connect to redis://:**@127.0.0.1:6379/4: Connection closed by server..
Trying again in 32.00 seconds... (16/100)

ERROR 2025-12-06 14:56:46,731 consumer 493 consumer: Cannot connect to redis://:**@127.0.0.1:6379/4: Connection closed by server..
Trying again in 32.00 seconds... (16/100)

ERROR 2025-12-06 14:57:48,984 consumer 493 consumer: Cannot connect to redis://:**@127.0.0.1:6379/4: Connection closed by server..
Trying again in 32.00 seconds... (16/100)

ERROR 2025-12-06 14:58:51,279 consumer 493 consumer: Cannot connect to redis://:**@127.0.0.1:6379/4: Connection closed by server..
Trying again in 32.00 seconds... (16/100)

ERROR 2025-12-06 14:59:53,541 consumer 493 consumer: Cannot connect to redis://:**@127.0.0.1:6379/4: Connection closed by server..
Trying again in 32.00 seconds... (16/100)

ERROR 2025-12-06 15:00:55,810 consumer 493 consumer: Cannot connect to redis://:**@127.0.0.1:6379/4: Connection closed by server..
Trying again in 32.00 seconds... (16/100)

ERROR 2025-12-06 15:01:58,166 consumer 493 consumer: Cannot connect to redis://:**@127.0.0.1:6379/4: Connection closed by server..
Trying again in 32.00 seconds... (16/100)

ERROR 2025-12-06 15:03:01,035 consumer 493 consumer: Cannot connect to redis://:**@127.0.0.1:6379/4: Connection closed by server..
Trying again in 32.00 seconds... (16/100)

ERROR 2025-12-06 15:04:03,357 consumer 493 consumer: Cannot connect to redis://:**@127.0.0.1:6379/4: Connection closed by server..
Trying again in 32.00 seconds... (16/100)

ERROR 2025-12-06 15:05:05,688 consumer 493 consumer: Cannot connect to redis://:**@127.0.0.1:6379/4: Connection closed by server..
Trying again in 32.00 seconds... (16/100)

ERROR 2025-12-06 15:06:08,025 consumer 493 consumer: Cannot connect to redis://:**@127.0.0.1:6379/4: Connection closed by server..
Trying again in 32.00 seconds... (16/100)

ERROR 2025-12-06 15:07:10,422 consumer 493 consumer: Cannot connect to redis://:**@127.0.0.1:6379/4: Connection closed by server..
Trying again in 32.00 seconds... (16/100)

ERROR 2025-12-06 15:08:12,770 consumer 493 consumer: Cannot connect to redis://:**@127.0.0.1:6379/4: Connection closed by server..
Trying again in 32.00 seconds... (16/100)

ERROR 2025-12-06 15:09:15,109 consumer 493 consumer: Cannot connect to redis://:**@127.0.0.1:6379/4: Connection closed by server..
Trying again in 32.00 seconds... (16/100)

ERROR 2025-12-06 15:10:17,468 consumer 493 consumer: Cannot connect to redis://:**@127.0.0.1:6379/4: Connection closed by server..
Trying again in 32.00 seconds... (16/100)

ERROR 2025-12-06 15:11:19,784 consumer 493 consumer: Cannot connect to redis://:**@127.0.0.1:6379/4: Connection closed by server..
Trying again in 32.00 seconds... (16/100)

ERROR 2025-12-06 15:12:22,152 consumer 493 consumer: Cannot connect to redis://:**@127.0.0.1:6379/4: Connection closed by server..
Trying again in 32.00 seconds... (16/100)

ERROR 2025-12-06 15:13:24,505 consumer 493 consumer: Cannot connect to redis://:**@127.0.0.1:6379/4: Connection closed by server..
Trying again in 32.00 seconds... (16/100)

ERROR 2025-12-06 15:14:26,848 consumer 493 consumer: Cannot connect to redis://:**@127.0.0.1:6379/4: Connection closed by server..
Trying again in 32.00 seconds... (16/100)

ERROR 2025-12-06 15:15:29,195 consumer 493 consumer: Cannot connect to redis://:**@127.0.0.1:6379/4: Connection closed by server..
Trying again in 32.00 seconds... (16/100)

ERROR 2025-12-06 15:16:31,534 consumer 493 consumer: Cannot connect to redis://:**@127.0.0.1:6379/4: Connection closed by server..
Trying again in 32.00 seconds... (16/100)

ERROR 2025-12-06 15:17:33,867 consumer 493 consumer: Cannot connect to redis://:**@127.0.0.1:6379/4: Connection closed by server..
Trying again in 32.00 seconds... (16/100)

ERROR 2025-12-06 15:18:36,202 consumer 493 consumer: Cannot connect to redis://:**@127.0.0.1:6379/4: Connection closed by server..
Trying again in 32.00 seconds... (16/100)

ERROR 2025-12-06 15:19:38,554 consumer 493 consumer: Cannot connect to redis://:**@127.0.0.1:6379/4: Connection closed by server..
Trying again in 32.00 seconds... (16/100)

ERROR 2025-12-06 15:20:40,906 consumer 493 consumer: Cannot connect to redis://:**@127.0.0.1:6379/4: Connection closed by server..
Trying again in 32.00 seconds... (16/100)

ERROR 2025-12-06 15:21:43,251 consumer 493 consumer: Cannot connect to redis://:**@127.0.0.1:6379/4: Connection closed by server..
Trying again in 32.00 seconds... (16/100)

ERROR 2025-12-06 15:22:45,592 consumer 493 consumer: Cannot connect to redis://:**@127.0.0.1:6379/4: Connection closed by server..
Trying again in 32.00 seconds... (16/100)

ERROR 2025-12-06 15:23:47,913 consumer 493 consumer: Cannot connect to redis://:**@127.0.0.1:6379/4: Connection closed by server..
Trying again in 32.00 seconds... (16/100)

ERROR 2025-12-06 15:24:50,251 consumer 493 consumer: Cannot connect to redis://:**@127.0.0.1:6379/4: Connection closed by server..
Trying again in 32.00 seconds... (16/100)

ERROR 2025-12-06 15:25:52,582 consumer 493 consumer: Cannot connect to redis://:**@127.0.0.1:6379/4: Connection closed by server..
Trying again in 32.00 seconds... (16/100)

ERROR 2025-12-06 15:26:54,919 consumer 493 consumer: Cannot connect to redis://:**@127.0.0.1:6379/4: Connection closed by server..
Trying again in 32.00 seconds... (16/100)

ERROR 2025-12-06 15:27:57,260 consumer 493 consumer: Cannot connect to redis://:**@127.0.0.1:6379/4: Connection closed by server..
Trying again in 32.00 seconds... (16/100)

ERROR 2025-12-06 15:28:59,621 consumer 493 consumer: Cannot connect to redis://:**@127.0.0.1:6379/4: Connection closed by server..
Trying again in 32.00 seconds... (16/100)

ERROR 2025-12-06 15:30:01,975 consumer 493 consumer: Cannot connect to redis://:**@127.0.0.1:6379/4: Connection closed by server..
Trying again in 32.00 seconds... (16/100)

ERROR 2025-12-06 15:31:04,344 consumer 493 consumer: Cannot connect to redis://:**@127.0.0.1:6379/4: Connection closed by server..
Trying again in 32.00 seconds... (16/100)

ERROR 2025-12-06 15:32:06,694 consumer 493 consumer: Cannot connect to redis://:**@127.0.0.1:6379/4: Connection closed by server..
Trying again in 32.00 seconds... (16/100)

CRITICAL 2025-12-06 15:33:09,046 worker 206 Unrecoverable error: OperationalError('Connection closed by server.')
Traceback (most recent call last):
  File "D:\software\CodeSF\Miniconda3\conda\envs\test_django\lib\site-packages\kombu\transport\virtual\base.py", line 951, in create_channel
    return self._avail_channels.pop()
IndexError: pop from empty list

During handling of the above exception, another exception occurred:

Traceback (most recent call last):
  File "D:\software\CodeSF\Miniconda3\conda\envs\test_django\lib\site-packages\kombu\connection.py", line 474, in _reraise_as_library_errors
    yield
  File "D:\software\CodeSF\Miniconda3\conda\envs\test_django\lib\site-packages\kombu\connection.py", line 461, in _ensure_connection
    return retry_over_time(
  File "D:\software\CodeSF\Miniconda3\conda\envs\test_django\lib\site-packages\kombu\utils\functional.py", line 318, in retry_over_time
    return fun(*args, **kwargs)
  File "D:\software\CodeSF\Miniconda3\conda\envs\test_django\lib\site-packages\kombu\connection.py", line 941, in _connection_factory
    self._connection = self._establish_connection()
  File "D:\software\CodeSF\Miniconda3\conda\envs\test_django\lib\site-packages\kombu\connection.py", line 863, in _establish_connection
    conn = self.transport.establish_connection()
  File "D:\software\CodeSF\Miniconda3\conda\envs\test_django\lib\site-packages\kombu\transport\virtual\base.py", line 975, in establish_connection
    self._avail_channels.append(self.create_channel(self))
  File "D:\software\CodeSF\Miniconda3\conda\envs\test_django\lib\site-packages\kombu\transport\virtual\base.py", line 953, in create_channel
    channel = self.Channel(connection)
  File "D:\software\CodeSF\Miniconda3\conda\envs\test_django\lib\site-packages\kombu\transport\redis.py", line 757, in __init__
    self.client.ping()
  File "D:\software\CodeSF\Miniconda3\conda\envs\test_django\lib\site-packages\redis\commands\core.py", line 1226, in ping
    return self.execute_command("PING", **kwargs)
  File "D:\software\CodeSF\Miniconda3\conda\envs\test_django\lib\site-packages\redis\client.py", line 657, in execute_command
    return self._execute_command(*args, **options)
  File "D:\software\CodeSF\Miniconda3\conda\envs\test_django\lib\site-packages\redis\client.py", line 663, in _execute_command
    conn = self.connection or pool.get_connection()
  File "D:\software\CodeSF\Miniconda3\conda\envs\test_django\lib\site-packages\redis\utils.py", line 196, in wrapper
    return func(*args, **kwargs)
  File "D:\software\CodeSF\Miniconda3\conda\envs\test_django\lib\site-packages\redis\connection.py", line 2603, in get_connection
    connection.connect()
  File "D:\software\CodeSF\Miniconda3\conda\envs\test_django\lib\site-packages\redis\connection.py", line 846, in connect
    self.connect_check_health(check_health=True)
  File "D:\software\CodeSF\Miniconda3\conda\envs\test_django\lib\site-packages\redis\connection.py", line 869, in connect_check_health
    self.on_connect_check_health(check_health=check_health)
  File "D:\software\CodeSF\Miniconda3\conda\envs\test_django\lib\site-packages\redis\connection.py", line 941, in on_connect_check_health
    auth_response = self.read_response()
  File "D:\software\CodeSF\Miniconda3\conda\envs\test_django\lib\site-packages\redis\connection.py", line 1133, in read_response
    response = self._parser.read_response(disable_decoding=disable_decoding)
  File "D:\software\CodeSF\Miniconda3\conda\envs\test_django\lib\site-packages\redis\_parsers\resp2.py", line 15, in read_response
    result = self._read_response(disable_decoding=disable_decoding)
  File "D:\software\CodeSF\Miniconda3\conda\envs\test_django\lib\site-packages\redis\_parsers\resp2.py", line 25, in _read_response
    raw = self._buffer.readline()
  File "D:\software\CodeSF\Miniconda3\conda\envs\test_django\lib\site-packages\redis\_parsers\socket.py", line 115, in readline
    self._read_from_socket()
  File "D:\software\CodeSF\Miniconda3\conda\envs\test_django\lib\site-packages\redis\_parsers\socket.py", line 68, in _read_from_socket
    raise ConnectionError(SERVER_CLOSED_CONNECTION_ERROR)
redis.exceptions.ConnectionError: Connection closed by server.

The above exception was the direct cause of the following exception:

Traceback (most recent call last):
  File "D:\software\CodeSF\Miniconda3\conda\envs\test_django\lib\site-packages\celery\worker\worker.py", line 202, in start
    self.blueprint.start(self)
  File "D:\software\CodeSF\Miniconda3\conda\envs\test_django\lib\site-packages\celery\bootsteps.py", line 116, in start
    step.start(parent)
  File "D:\software\CodeSF\Miniconda3\conda\envs\test_django\lib\site-packages\celery\bootsteps.py", line 365, in start
    return self.obj.start()
  File "D:\software\CodeSF\Miniconda3\conda\envs\test_django\lib\site-packages\celery\worker\consumer\consumer.py", line 340, in start
    blueprint.start(self)
  File "D:\software\CodeSF\Miniconda3\conda\envs\test_django\lib\site-packages\celery\bootsteps.py", line 116, in start
    step.start(parent)
  File "D:\software\CodeSF\Miniconda3\conda\envs\test_django\lib\site-packages\celery\worker\consumer\connection.py", line 21, in start
    c.connection = c.connect()
  File "D:\software\CodeSF\Miniconda3\conda\envs\test_django\lib\site-packages\celery\worker\consumer\consumer.py", line 470, in connect
    conn = self.connection_for_read(heartbeat=self.amqheartbeat)
  File "D:\software\CodeSF\Miniconda3\conda\envs\test_django\lib\site-packages\celery\worker\consumer\consumer.py", line 476, in connection_for_read
    return self.ensure_connected(
  File "D:\software\CodeSF\Miniconda3\conda\envs\test_django\lib\site-packages\celery\worker\consumer\consumer.py", line 527, in ensure_connected
    conn = conn.ensure_connection(
  File "D:\software\CodeSF\Miniconda3\conda\envs\test_django\lib\site-packages\kombu\connection.py", line 408, in ensure_connection
    self._ensure_connection(*args, **kwargs)
  File "D:\software\CodeSF\Miniconda3\conda\envs\test_django\lib\site-packages\kombu\connection.py", line 460, in _ensure_connection
    with ctx():
  File "D:\software\CodeSF\Miniconda3\conda\envs\test_django\lib\contextlib.py", line 153, in __exit__
    self.gen.throw(typ, value, traceback)
  File "D:\software\CodeSF\Miniconda3\conda\envs\test_django\lib\site-packages\kombu\connection.py", line 478, in _reraise_as_library_errors
    raise ConnectionError(str(exc)) from exc
kombu.exceptions.OperationalError: Connection closed by server.
